<?xml version="1.0" encoding="UTF-8"?>
<!-- Generated by org.testng.reporters.JUnitReportReporter -->
<testsuite skipped="0" hostname="DESKTOP-3HCPP56" name="com.demo.nopcommerce.testsuite.LoginTest" tests="1" failures="0" timestamp="11 Apr 2020 16:15:04 GMT" time="21.830" errors="0">
  <testcase name="verifyUserShouldNavigateToLoginPage" time="21.830" classname="com.demo.nopcommerce.testsuite.LoginTest"/>
</testsuite> <!-- com.demo.nopcommerce.testsuite.LoginTest -->
